Arguments: 
  C:\Program Files\nodejs\node.exe C:\Program Files (x86)\Yarn\bin\yarn.js add expo

PATH: 
  C:\Users\camil\bin;C:\Program Files\Git\mingw64\bin;C:\Program Files\Git\usr\local\bin;C:\Program Files\Git\usr\bin;C:\Program Files\Git\usr\bin;C:\Program Files\Git\mingw64\bin;C:\Program Files\Git\usr\bin;C:\Users\camil\bin;C:\Python39\Scripts;C:\Python39;C:\Program Files (x86)\Common Files\Oracle\Java\javapath;C:\Python27;C:\Python27\Scripts;C:\WINDOWS\system32;C:\WINDOWS;C:\WINDOWS\System32\Wbem;C:\WINDOWS\System32\WindowsPowerShell\v1.0;C:\WINDOWS\System32\OpenSSH;C:\Program Files\Git\cmd;C:\ProgramData\chocolatey\bin;C:\Program Files (x86)\Yarn\bin;C:\Users\camil\AppData\Local\Android\Sdk\platform-tools;C:\Program Files\Java\jdk1.8.0_211\bin;C:\Android\Sdk\platform-tools;C:\Android\Sdk\tools;C:\Program Files\Go\bin;C:\Program Files\nodejs;C:\Users\camil\AppData\Local\jdk-11.0.2\bin;C:\Users\camil\AppData\Local\Microsoft\WindowsApps;C:\Users\camil\AppData\Local\Programs\Microsoft VS Code\bin;C:\Users\camil\AppData\Local\Yarn\bin;C:\Users\camil\AppData\Local\Android\Sdk\platform-tools;C:\Program Files\heroku\bin;C:\Users\camil\AppData\Local\GitHubDesktop\bin;C:\Users\camil\Desktop\Django\letscode\heroku\bin;C:\Program Files\Docker Toolbox;C:\users\camil\AppData\local\Android\sdk\platform-tools;C:\users\camil\AppData\local\Android\sdk\tools;C:\Users\camil\AppData\Local\hyper\app-3.0.2\resources\bin;C:\users\camil\AppData\local\Android\sdk\emulator;C:\users\camil\AppData\local\Android\sdk\tools\bin;C:\tools\dart-sdk\bin;C:\Users\camil\AppData\Roaming\Pub\Cache\bin;C:\Users\camil\AppData\Local\Microsoft\WindowsApps;C:\Users\camil\go\bin;C:\Users\camil\AppData\Roaming\npm;C:\Program Files\Git\usr\bin\vendor_perl;C:\Program Files\Git\usr\bin\core_perl

Yarn version: 
  1.21.1

Node version: 
  14.16.1

Platform: 
  win32 x64

Trace: 
  Error: https://registry.yarnpkg.com/core-js/-/core-js-2.6.12.tgz: ESOCKETTIMEDOUT
      at ClientRequest.<anonymous> (C:\Program Files (x86)\Yarn\lib\cli.js:141292:19)
      at Object.onceWrapper (events.js:421:28)
      at ClientRequest.emit (events.js:315:20)
      at TLSSocket.emitRequestTimeout (_http_client.js:784:9)
      at Object.onceWrapper (events.js:421:28)
      at TLSSocket.emit (events.js:327:22)
      at TLSSocket.Socket._onTimeout (net.js:483:8)
      at listOnTimeout (internal/timers.js:554:17)
      at processTimers (internal/timers.js:497:7)

npm manifest: 
  {
    "main": "node_modules/expo/AppEntry.js",
    "scripts": {
      "start": "expo start",
      "android": "expo start --android",
      "ios": "expo start --ios",
      "web": "expo start --web",
      "eject": "expo eject"
    },
    "dependencies": {
      "expo": "~41.0.0",
      "expo-status-bar": "~1.0.4",
      "react": "16.13.1",
      "react-dom": "16.13.1",
      "react-native": "https://github.com/expo/react-native/archive/sdk-41.0.0.tar.gz",
      "react-native-web": "~0.13.12"
    },
    "devDependencies": {
      "@babel/core": "^7.9.0",
      "@types/react": "~16.9.35",
      "@types/react-native": "~0.63.2",
      "typescript": "~4.0.0"
    },
    "private": true
  }

yarn manifest: 
  No manifest

Lockfile: 
  No lockfile
